Determining if the function sgemm_ exists failed with the following output:
Change Dir: /home/yynn/SLAM_14/ch9/BAByCeres/build/CMakeFiles/CMakeTmp

Run Build Command(s):/usr/bin/make cmTC_9713c/fast && /usr/bin/make -f CMakeFiles/cmTC_9713c.dir/build.make CMakeFiles/cmTC_9713c.dir/build
make[1]: Entering directory '/home/yynn/SLAM_14/ch9/BAByCeres/build/CMakeFiles/CMakeTmp'
Building C object CMakeFiles/cmTC_9713c.dir/CheckFunctionExists.c.o
/usr/bin/cc   -DCHECK_FUNCTION_EXISTS=sgemm_   -o CMakeFiles/cmTC_9713c.dir/CheckFunctionExists.c.o   -c /usr/share/cmake-3.16/Modules/CheckFunctionExists.c
Linking C executable cmTC_9713c
/usr/bin/cmake -E cmake_link_script CMakeFiles/cmTC_9713c.dir/link.txt --verbose=1
/usr/bin/cc  -DCHECK_FUNCTION_EXISTS=sgemm_    -rdynamic CMakeFiles/cmTC_9713c.dir/CheckFunctionExists.c.o  -o cmTC_9713c 
/usr/bin/ld: CMakeFiles/cmTC_9713c.dir/CheckFunctionExists.c.o: in function `main':
CheckFunctionExists.c:(.text+0x10): undefined reference to `sgemm_'
collect2: error: ld returned 1 exit status
make[1]: *** [CMakeFiles/cmTC_9713c.dir/build.make:87: cmTC_9713c] Error 1
make[1]: Leaving directory '/home/yynn/SLAM_14/ch9/BAByCeres/build/CMakeFiles/CMakeTmp'
make: *** [Makefile:121: cmTC_9713c/fast] Error 2



Performing C SOURCE FILE Test CMAKE_HAVE_LIBC_PTHREAD failed with the following output:
Change Dir: /home/yynn/SLAM_14/ch9/BAByCeres/build/CMakeFiles/CMakeTmp

Run Build Command(s):/usr/bin/make cmTC_703f5/fast && /usr/bin/make -f CMakeFiles/cmTC_703f5.dir/build.make CMakeFiles/cmTC_703f5.dir/build
make[1]: Entering directory '/home/yynn/SLAM_14/ch9/BAByCeres/build/CMakeFiles/CMakeTmp'
Building C object CMakeFiles/cmTC_703f5.dir/src.c.o
/usr/bin/cc   -DCMAKE_HAVE_LIBC_PTHREAD   -o CMakeFiles/cmTC_703f5.dir/src.c.o   -c /home/yynn/SLAM_14/ch9/BAByCeres/build/CMakeFiles/CMakeTmp/src.c
Linking C executable cmTC_703f5
/usr/bin/cmake -E cmake_link_script CMakeFiles/cmTC_703f5.dir/link.txt --verbose=1
/usr/bin/cc  -DCMAKE_HAVE_LIBC_PTHREAD    -rdynamic CMakeFiles/cmTC_703f5.dir/src.c.o  -o cmTC_703f5 
/usr/bin/ld: CMakeFiles/cmTC_703f5.dir/src.c.o: in function `main':
src.c:(.text+0x48): undefined reference to `pthread_create'
/usr/bin/ld: src.c:(.text+0x50): undefined reference to `pthread_detach'
/usr/bin/ld: src.c:(.text+0x5c): undefined reference to `pthread_join'
collect2: error: ld returned 1 exit status
make[1]: *** [CMakeFiles/cmTC_703f5.dir/build.make:87: cmTC_703f5] Error 1
make[1]: Leaving directory '/home/yynn/SLAM_14/ch9/BAByCeres/build/CMakeFiles/CMakeTmp'
make: *** [Makefile:121: cmTC_703f5/fast] Error 2


Source file was:
#include <pthread.h>

void* test_func(void* data)
{
  return data;
}

int main(void)
{
  pthread_t thread;
  pthread_create(&thread, NULL, test_func, NULL);
  pthread_detach(thread);
  pthread_join(thread, NULL);
  pthread_atfork(NULL, NULL, NULL);
  pthread_exit(NULL);

  return 0;
}

Determining if the function pthread_create exists in the pthreads failed with the following output:
Change Dir: /home/yynn/SLAM_14/ch9/BAByCeres/build/CMakeFiles/CMakeTmp

Run Build Command(s):/usr/bin/make cmTC_39814/fast && /usr/bin/make -f CMakeFiles/cmTC_39814.dir/build.make CMakeFiles/cmTC_39814.dir/build
make[1]: Entering directory '/home/yynn/SLAM_14/ch9/BAByCeres/build/CMakeFiles/CMakeTmp'
Building C object CMakeFiles/cmTC_39814.dir/CheckFunctionExists.c.o
/usr/bin/cc   -DCHECK_FUNCTION_EXISTS=pthread_create   -o CMakeFiles/cmTC_39814.dir/CheckFunctionExists.c.o   -c /usr/share/cmake-3.16/Modules/CheckFunctionExists.c
Linking C executable cmTC_39814
/usr/bin/cmake -E cmake_link_script CMakeFiles/cmTC_39814.dir/link.txt --verbose=1
/usr/bin/cc  -DCHECK_FUNCTION_EXISTS=pthread_create    -rdynamic CMakeFiles/cmTC_39814.dir/CheckFunctionExists.c.o  -o cmTC_39814  -lpthreads 
/usr/bin/ld: cannot find -lpthreads
collect2: error: ld returned 1 exit status
make[1]: *** [CMakeFiles/cmTC_39814.dir/build.make:87: cmTC_39814] Error 1
make[1]: Leaving directory '/home/yynn/SLAM_14/ch9/BAByCeres/build/CMakeFiles/CMakeTmp'
make: *** [Makefile:121: cmTC_39814/fast] Error 2



Determining if the function cheev_ exists failed with the following output:
Change Dir: /home/yynn/SLAM_14/ch9/BAByCeres/build/CMakeFiles/CMakeTmp

Run Build Command(s):/usr/bin/make cmTC_eda8a/fast && /usr/bin/make -f CMakeFiles/cmTC_eda8a.dir/build.make CMakeFiles/cmTC_eda8a.dir/build
make[1]: Entering directory '/home/yynn/SLAM_14/ch9/BAByCeres/build/CMakeFiles/CMakeTmp'
Building C object CMakeFiles/cmTC_eda8a.dir/CheckFunctionExists.c.o
/usr/bin/cc   -DCHECK_FUNCTION_EXISTS=cheev_   -o CMakeFiles/cmTC_eda8a.dir/CheckFunctionExists.c.o   -c /usr/share/cmake-3.16/Modules/CheckFunctionExists.c
Linking C executable cmTC_eda8a
/usr/bin/cmake -E cmake_link_script CMakeFiles/cmTC_eda8a.dir/link.txt --verbose=1
/usr/bin/cc  -DCHECK_FUNCTION_EXISTS=cheev_    -rdynamic CMakeFiles/cmTC_eda8a.dir/CheckFunctionExists.c.o  -o cmTC_eda8a  /usr/lib/aarch64-linux-gnu/libblas.so 
/usr/bin/ld: CMakeFiles/cmTC_eda8a.dir/CheckFunctionExists.c.o: in function `main':
CheckFunctionExists.c:(.text+0x10): undefined reference to `cheev_'
collect2: error: ld returned 1 exit status
make[1]: *** [CMakeFiles/cmTC_eda8a.dir/build.make:88: cmTC_eda8a] Error 1
make[1]: Leaving directory '/home/yynn/SLAM_14/ch9/BAByCeres/build/CMakeFiles/CMakeTmp'
make: *** [Makefile:121: cmTC_eda8a/fast] Error 2



