Determining if the function sgemm_ exists failed with the following output:
Change Dir: /home/yynn/SLAM_14/ch6/fitByCeres/build/CMakeFiles/CMakeTmp

Run Build Command(s):/usr/bin/make cmTC_7fea6/fast && /usr/bin/make -f CMakeFiles/cmTC_7fea6.dir/build.make CMakeFiles/cmTC_7fea6.dir/build
make[1]: Entering directory '/home/yynn/SLAM_14/ch6/fitByCeres/build/CMakeFiles/CMakeTmp'
Building C object CMakeFiles/cmTC_7fea6.dir/CheckFunctionExists.c.o
/usr/bin/cc   -DCHECK_FUNCTION_EXISTS=sgemm_   -o CMakeFiles/cmTC_7fea6.dir/CheckFunctionExists.c.o   -c /usr/share/cmake-3.16/Modules/CheckFunctionExists.c
Linking C executable cmTC_7fea6
/usr/bin/cmake -E cmake_link_script CMakeFiles/cmTC_7fea6.dir/link.txt --verbose=1
/usr/bin/cc  -DCHECK_FUNCTION_EXISTS=sgemm_    -rdynamic CMakeFiles/cmTC_7fea6.dir/CheckFunctionExists.c.o  -o cmTC_7fea6 
/usr/bin/ld: CMakeFiles/cmTC_7fea6.dir/CheckFunctionExists.c.o: in function `main':
CheckFunctionExists.c:(.text+0x10): undefined reference to `sgemm_'
collect2: error: ld returned 1 exit status
make[1]: *** [CMakeFiles/cmTC_7fea6.dir/build.make:87: cmTC_7fea6] Error 1
make[1]: Leaving directory '/home/yynn/SLAM_14/ch6/fitByCeres/build/CMakeFiles/CMakeTmp'
make: *** [Makefile:121: cmTC_7fea6/fast] Error 2



Performing C SOURCE FILE Test CMAKE_HAVE_LIBC_PTHREAD failed with the following output:
Change Dir: /home/yynn/SLAM_14/ch6/fitByCeres/build/CMakeFiles/CMakeTmp

Run Build Command(s):/usr/bin/make cmTC_0dcd7/fast && /usr/bin/make -f CMakeFiles/cmTC_0dcd7.dir/build.make CMakeFiles/cmTC_0dcd7.dir/build
make[1]: Entering directory '/home/yynn/SLAM_14/ch6/fitByCeres/build/CMakeFiles/CMakeTmp'
Building C object CMakeFiles/cmTC_0dcd7.dir/src.c.o
/usr/bin/cc   -DCMAKE_HAVE_LIBC_PTHREAD   -o CMakeFiles/cmTC_0dcd7.dir/src.c.o   -c /home/yynn/SLAM_14/ch6/fitByCeres/build/CMakeFiles/CMakeTmp/src.c
Linking C executable cmTC_0dcd7
/usr/bin/cmake -E cmake_link_script CMakeFiles/cmTC_0dcd7.dir/link.txt --verbose=1
/usr/bin/cc  -DCMAKE_HAVE_LIBC_PTHREAD    -rdynamic CMakeFiles/cmTC_0dcd7.dir/src.c.o  -o cmTC_0dcd7 
/usr/bin/ld: CMakeFiles/cmTC_0dcd7.dir/src.c.o: in function `main':
src.c:(.text+0x48): undefined reference to `pthread_create'
/usr/bin/ld: src.c:(.text+0x50): undefined reference to `pthread_detach'
/usr/bin/ld: src.c:(.text+0x5c): undefined reference to `pthread_join'
collect2: error: ld returned 1 exit status
make[1]: *** [CMakeFiles/cmTC_0dcd7.dir/build.make:87: cmTC_0dcd7] Error 1
make[1]: Leaving directory '/home/yynn/SLAM_14/ch6/fitByCeres/build/CMakeFiles/CMakeTmp'
make: *** [Makefile:121: cmTC_0dcd7/fast] Error 2


Source file was:
#include <pthread.h>

void* test_func(void* data)
{
  return data;
}

int main(void)
{
  pthread_t thread;
  pthread_create(&thread, NULL, test_func, NULL);
  pthread_detach(thread);
  pthread_join(thread, NULL);
  pthread_atfork(NULL, NULL, NULL);
  pthread_exit(NULL);

  return 0;
}

Determining if the function pthread_create exists in the pthreads failed with the following output:
Change Dir: /home/yynn/SLAM_14/ch6/fitByCeres/build/CMakeFiles/CMakeTmp

Run Build Command(s):/usr/bin/make cmTC_20b46/fast && /usr/bin/make -f CMakeFiles/cmTC_20b46.dir/build.make CMakeFiles/cmTC_20b46.dir/build
make[1]: Entering directory '/home/yynn/SLAM_14/ch6/fitByCeres/build/CMakeFiles/CMakeTmp'
Building C object CMakeFiles/cmTC_20b46.dir/CheckFunctionExists.c.o
/usr/bin/cc   -DCHECK_FUNCTION_EXISTS=pthread_create   -o CMakeFiles/cmTC_20b46.dir/CheckFunctionExists.c.o   -c /usr/share/cmake-3.16/Modules/CheckFunctionExists.c
Linking C executable cmTC_20b46
/usr/bin/cmake -E cmake_link_script CMakeFiles/cmTC_20b46.dir/link.txt --verbose=1
/usr/bin/cc  -DCHECK_FUNCTION_EXISTS=pthread_create    -rdynamic CMakeFiles/cmTC_20b46.dir/CheckFunctionExists.c.o  -o cmTC_20b46  -lpthreads 
/usr/bin/ld: cannot find -lpthreads
collect2: error: ld returned 1 exit status
make[1]: *** [CMakeFiles/cmTC_20b46.dir/build.make:87: cmTC_20b46] Error 1
make[1]: Leaving directory '/home/yynn/SLAM_14/ch6/fitByCeres/build/CMakeFiles/CMakeTmp'
make: *** [Makefile:121: cmTC_20b46/fast] Error 2



Determining if the function cheev_ exists failed with the following output:
Change Dir: /home/yynn/SLAM_14/ch6/fitByCeres/build/CMakeFiles/CMakeTmp

Run Build Command(s):/usr/bin/make cmTC_fa696/fast && /usr/bin/make -f CMakeFiles/cmTC_fa696.dir/build.make CMakeFiles/cmTC_fa696.dir/build
make[1]: Entering directory '/home/yynn/SLAM_14/ch6/fitByCeres/build/CMakeFiles/CMakeTmp'
Building C object CMakeFiles/cmTC_fa696.dir/CheckFunctionExists.c.o
/usr/bin/cc   -DCHECK_FUNCTION_EXISTS=cheev_   -o CMakeFiles/cmTC_fa696.dir/CheckFunctionExists.c.o   -c /usr/share/cmake-3.16/Modules/CheckFunctionExists.c
Linking C executable cmTC_fa696
/usr/bin/cmake -E cmake_link_script CMakeFiles/cmTC_fa696.dir/link.txt --verbose=1
/usr/bin/cc  -DCHECK_FUNCTION_EXISTS=cheev_    -rdynamic CMakeFiles/cmTC_fa696.dir/CheckFunctionExists.c.o  -o cmTC_fa696  /usr/lib/aarch64-linux-gnu/libblas.so 
/usr/bin/ld: CMakeFiles/cmTC_fa696.dir/CheckFunctionExists.c.o: in function `main':
CheckFunctionExists.c:(.text+0x10): undefined reference to `cheev_'
collect2: error: ld returned 1 exit status
make[1]: *** [CMakeFiles/cmTC_fa696.dir/build.make:88: cmTC_fa696] Error 1
make[1]: Leaving directory '/home/yynn/SLAM_14/ch6/fitByCeres/build/CMakeFiles/CMakeTmp'
make: *** [Makefile:121: cmTC_fa696/fast] Error 2



